<?xml version="1.0" encoding="UTF-8"?>
<testng-results total="1" passed="1" failed="0" skipped="0">
  <reporter-output>
    <line>
      <![CDATA[Request URL: 
https://reqres.in/api/users]]>
    </line>
    <line>
      <![CDATA[Request headers: 
x-consumer-name: AG
deviceId: OnePlus9
]]>
    </line>
    <line>
      <![CDATA[Request body: 
{"name":"Test1","job":"Assistant"}]]>
    </line>
    <line>
      <![CDATA[============================================================]]>
    </line>
    <line>
      <![CDATA[API Response:-]]>
    </line>
    <line>
      <![CDATA[Response status code: 201]]>
    </line>
    <line>
      <![CDATA[Response body: 
{"name":"Test1","job":"Assistant","id":"7","createdAt":"2023-11-29T08:34:00.176Z","statusCode":0}]]>
    </line>
    <line>
      <![CDATA[Print success message or API response]]>
    </line>
  </reporter-output>
  <suite started-at="2023-11-29T08:34:11Z" name="All Test Suite" finished-at="2023-11-29T08:34:13Z" duration-ms="1150">
    <groups>
    </groups>
    <test started-at="2023-11-29T08:34:11Z" name="D:/RetrofitProject/src/test/resources" finished-at="2023-11-29T08:34:13Z" duration-ms="1150">
      <class name="ReqResTestProject.CreateUserTest">
        <test-method is-config="true" signature="beforeTestMethod()[pri:0, instance:ReqResTestProject.CreateUserTest@2cd76f31]" started-at="2023-11-29T14:04:11Z" name="beforeTestMethod" finished-at="2023-11-29T14:04:12Z" duration-ms="146" status="PASS">
          <reporter-output>
          </reporter-output>
        </test-method> <!-- beforeTestMethod -->
        <test-method is-config="true" signature="beforeMethodmethod(java.lang.reflect.Method)[pri:0, instance:ReqResTestProject.CreateUserTest@2cd76f31]" started-at="2023-11-29T14:04:12Z" name="beforeMethodmethod" finished-at="2023-11-29T14:04:12Z" duration-ms="9" status="PASS">
          <params>
            <param index="0">
              <value>
                <![CDATA[public void ReqResTestProject.CreateUserTest.verifyCreateUserFlow() throws java.io.IOException]]>
              </value>
            </param>
          </params>
          <reporter-output>
          </reporter-output>
        </test-method> <!-- beforeMethodmethod -->
        <test-method signature="verifyCreateUserFlow()[pri:0, instance:ReqResTestProject.CreateUserTest@2cd76f31]" started-at="2023-11-29T14:04:12Z" name="verifyCreateUserFlow" description="Verify create user flow when name and job fields are passed" finished-at="2023-11-29T14:04:12Z" duration-ms="723" status="PASS">
          <reporter-output>
            <line>
              <![CDATA[Request URL: 
https://reqres.in/api/users]]>
            </line>
            <line>
              <![CDATA[Request headers: 
x-consumer-name: AG
deviceId: OnePlus9
]]>
            </line>
            <line>
              <![CDATA[Request body: 
{"name":"Test1","job":"Assistant"}]]>
            </line>
            <line>
              <![CDATA[============================================================]]>
            </line>
            <line>
              <![CDATA[API Response:-]]>
            </line>
            <line>
              <![CDATA[Response status code: 201]]>
            </line>
            <line>
              <![CDATA[Response body: 
{"name":"Test1","job":"Assistant","id":"7","createdAt":"2023-11-29T08:34:00.176Z","statusCode":0}]]>
            </line>
            <line>
              <![CDATA[Print success message or API response]]>
            </line>
          </reporter-output>
        </test-method> <!-- verifyCreateUserFlow -->
        <test-method is-config="true" signature="afterMethodMethod(org.testng.ITestResult)[pri:0, instance:ReqResTestProject.CreateUserTest@2cd76f31]" started-at="2023-11-29T14:04:12Z" name="afterMethodMethod" finished-at="2023-11-29T14:04:12Z" duration-ms="5" status="PASS">
          <params>
            <param index="0">
              <value>
                <![CDATA[[TestResult name=verifyCreateUserFlow status=SUCCESS method=CreateUserTest.verifyCreateUserFlow()[pri:0, instance:ReqResTestProject.CreateUserTest@2cd76f31] output=Request URL: 
https://reqres.in/api/users]]]>
              </value>
            </param>
          </params>
          <reporter-output>
          </reporter-output>
        </test-method> <!-- afterMethodMethod -->
        <test-method is-config="true" signature="afterTestMethod()[pri:0, instance:ReqResTestProject.CreateUserTest@2cd76f31]" started-at="2023-11-29T14:04:12Z" name="afterTestMethod" finished-at="2023-11-29T14:04:13Z" duration-ms="256" status="PASS">
          <reporter-output>
          </reporter-output>
        </test-method> <!-- afterTestMethod -->
      </class> <!-- ReqResTestProject.CreateUserTest -->
    </test> <!-- D:/RetrofitProject/src/test/resources -->
  </suite> <!-- All Test Suite -->
</testng-results>
